==== 2026-01-12 17:58:47 ====
[17:58:47] Firmware file: G:\geek_guys_oldways\20251003_2.6.11.6-hermesX_b0.2\auto_flash_tool\release\HermesX_0.2.8-beta0002-update.bin
[17:58:47] CLI config file: G:\geek_guys_oldways\20251003_2.6.11.6-hermesX_b0.2\auto_flash_tool\CLI.md
[17:58:47] Using port: COM38
[17:58:47] Flashing firmware to COM38...
[17:59:13] Flash complete. Waiting 60s for device to reboot...
[18:00:13] Using port after reboot: COM38
[18:00:44] Device not ready after 30s. Retrying detection...
[18:00:44] Using port after reconnect: COM38
[18:01:15] Device not ready after 30s. Continuing without ready confirmation.
[18:01:15] Total commands queued: 58
[18:01:15] Executing reboot batch #1 (2 commands)...
[18:01:15] Queued: meshtastic --ch-set-url https://meshtastic.org/e/#CjcSIIrA4R6zaST5Rl9xgSQV-pI7iuykDaeGdDOzkw6Z1-TeGgZNZXNoVFclAQAAACgBMAE6AggPCjYSIMtR3IlYKZeR84dOSiVHv7pllB_F4Rt1I0da72R31BxVGgpTaWduYWxUZXN0KAEwAToCCA8KNBIgy2jnf86fTpf_4AFAf-mCwbzRoxpCV0P90dqJo0-w_SYaCkVtZXJnZW5jeSEoAToCCCAKCRIBASgBOgIIDxIVCAEQBBj6ASALKAU4CEADSAFQG1gB
[18:01:15] Queued: meshtastic --set lora.usePreset true
[18:01:15] Executing: meshtastic --port COM38 --ch-set-url https://meshtastic.org/e/#CjcSIIrA4R6zaST5Rl9xgSQV-pI7iuykDaeGdDOzkw6Z1-TeGgZNZXNoVFclAQAAACgBMAE6AggPCjYSIMtR3IlYKZeR84dOSiVHv7pllB_F4Rt1I0da72R31BxVGgpTaWduYWxUZXN0KAEwAToCCA8KNBIgy2jnf86fTpf_4AFAf-mCwbzRoxpCV0P90dqJo0-w_SYaCkVtZXJnZW5jeSEoAToCCCAKCRIBASgBOgIIDxIVCAEQBBj6ASALKAU4CEADSAFQG1gB --set lora.usePreset true
[18:01:46] Serial connection issue detected. Waiting for device to re-enumerate...
[18:01:46] Using port after reconnect: COM38
[18:02:17] Device not ready after 30s. Retrying detection...
[18:02:17] Using port after reconnect: COM39
[18:02:20] Device ready.
[18:02:20] meshtastic failed (attempt 1/3). Retrying after reconnect...
[18:02:25] Connected to radio
[18:02:25] Set lora.use_preset to true
[18:02:25] Writing modified preferences to device
[18:02:25] Writing lora configuration to device
[18:02:25] Waiting 10s for reboot...
[18:02:35] Port after reboot: COM39
[18:02:37] Device ready.
[18:02:37] Executing reboot batch #2 (2 commands)...
[18:02:37] Queued: meshtastic --set lora.modemPreset MEDIUM_FAST
[18:02:37] Queued: meshtastic --set lora.bandwidth 250
[18:02:37] Executing: meshtastic --port COM39 --set lora.modemPreset MEDIUM_FAST --set lora.bandwidth 250
[18:02:39] Connected to radio
[18:02:39] Set lora.modem_preset to MEDIUM_FAST
[18:02:39] Set lora.bandwidth to 250
[18:02:39] Writing modified preferences to device
[18:02:39] Writing lora configuration to device
[18:02:39] Waiting 10s for reboot...
[18:02:49] Port after reboot: COM39
[18:02:52] Device ready.
[18:02:52] Executing reboot batch #3 (2 commands)...
[18:02:52] Queued: meshtastic --set lora.spreadFactor 11
[18:02:52] Queued: meshtastic --set lora.codingRate 5
[18:02:52] Executing: meshtastic --port COM39 --set lora.spreadFactor 11 --set lora.codingRate 5
[18:02:53] Connected to radio
[18:02:53] Set lora.spread_factor to 11
[18:02:53] Set lora.coding_rate to 5
[18:02:53] Writing modified preferences to device
[18:02:53] Writing lora configuration to device
[18:02:53] Waiting 10s for reboot...
[18:03:03] Port after reboot: COM39
[18:03:06] Device ready.
[18:03:06] Executing reboot batch #4 (2 commands)...
[18:03:06] Queued: meshtastic --set lora.region TW
[18:03:06] Queued: meshtastic --set lora.hopLimit 3
[18:03:06] Executing: meshtastic --port COM39 --set lora.region TW --set lora.hopLimit 3
[18:03:07] Connected to radio
[18:03:07] Set lora.region to TW
[18:03:07] Set lora.hop_limit to 3
[18:03:07] Writing modified preferences to device
[18:03:07] Writing lora configuration to device
[18:03:07] Waiting 10s for reboot...
[18:03:17] Port after reboot: COM39
[18:03:20] Device ready.
[18:03:20] Executing reboot batch #5 (2 commands)...
[18:03:20] Queued: meshtastic --set lora.txEnabled true
[18:03:20] Queued: meshtastic --set lora.txPower 27
[18:03:20] Executing: meshtastic --port COM39 --set lora.txEnabled true --set lora.txPower 27
[18:03:22] Connected to radio
[18:03:22] Set lora.tx_enabled to true
[18:03:22] Set lora.tx_power to 27
[18:03:22] Writing modified preferences to device
[18:03:22] Writing lora configuration to device
[18:03:22] Waiting 10s for reboot...
[18:03:32] Port after reboot: COM39
[18:03:34] Device ready.
[18:03:34] Executing reboot batch #6 (2 commands)...
[18:03:34] Queued: meshtastic --set lora.channelNum 1
[18:03:34] Queued: meshtastic --set lora.frequencyOffset 0.0
[18:03:34] Executing: meshtastic --port COM39 --set lora.channelNum 1 --set lora.frequencyOffset 0.0
[18:03:36] Connected to radio
[18:03:36] Set lora.channel_num to 1
[18:03:36] Set lora.frequency_offset to 0.0
[18:03:36] Writing modified preferences to device
[18:03:36] Writing lora configuration to device
[18:03:36] Waiting 10s for reboot...
[18:03:46] Port after reboot: COM39
[18:03:48] Device ready.
[18:03:48] Executing reboot batch #7 (2 commands)...
[18:03:48] Queued: meshtastic --set lora.overrideDutyCycle false
[18:03:48] Queued: meshtastic --set lora.sx126xRxBoostedGain false
[18:03:48] Executing: meshtastic --port COM39 --set lora.overrideDutyCycle false --set lora.sx126xRxBoostedGain false
[18:03:50] Connected to radio
[18:03:50] Set lora.override_duty_cycle to false
[18:03:50] Set lora.sx126x_rx_boosted_gain to false
[18:03:50] Writing modified preferences to device
[18:03:50] Writing lora configuration to device
[18:03:50] Waiting 10s for reboot...
[18:04:00] Port after reboot: COM39
[18:04:03] Device ready.
[18:04:03] Executing reboot batch #8 (2 commands)...
[18:04:03] Queued: meshtastic --set lora.overrideFrequency 0.0
[18:04:03] Queued: meshtastic --set lora.paFanDisabled false
[18:04:03] Executing: meshtastic --port COM39 --set lora.overrideFrequency 0.0 --set lora.paFanDisabled false
[18:04:05] Connected to radio
[18:04:05] Set lora.override_frequency to 0.0
[18:04:05] Set lora.pa_fan_disabled to false
[18:04:05] Writing modified preferences to device
[18:04:05] Writing lora configuration to device
[18:04:05] Waiting 10s for reboot...
[18:04:15] Port after reboot: COM39
[18:04:17] Device ready.
[18:04:17] Executing reboot batch #9 (2 commands)...
[18:04:17] Queued: meshtastic --set lora.ignoreMqtt false
[18:04:17] Queued: meshtastic --set lora.configOkToMqtt false
[18:04:17] Executing: meshtastic --port COM39 --set lora.ignoreMqtt false --set lora.configOkToMqtt false
[18:04:19] Connected to radio
[18:04:19] Set lora.ignore_mqtt to false
[18:04:19] Set lora.config_ok_to_mqtt to false
[18:04:19] Writing modified preferences to device
[18:04:19] Writing lora configuration to device
[18:04:19] Waiting 10s for reboot...
[18:04:29] Port after reboot: COM39
[18:04:31] Device ready.
[18:04:31] Executing non-reboot batch (40 commands)...
[18:04:31] Queued: meshtastic --set canned_message.inputbroker_pin_a 37
[18:04:31] Queued: meshtastic --set canned_message.inputbroker_pin_b 26
[18:04:31] Queued: meshtastic --set canned_message.inputbroker_pin_press 4
[18:04:31] Queued: meshtastic --set canned_message.inputbroker_event_cw UP
[18:04:31] Queued: meshtastic --set canned_message.inputbroker_event_ccw DOWN
[18:04:31] Queued: meshtastic --set canned_message.inputbroker_event_press SELECT
[18:04:31] Queued: meshtastic --set canned_message.enabled true
[18:04:31] Queued: meshtastic --set canned_message.rotary1_enabled true
[18:04:31] Queued: meshtastic --set canned_message.allow_input_source rotEnc1
[18:04:31] Queued: meshtastic --set-canned-message "這是HermesXB0.2.8|你好|有人在嗎?"
[18:04:31] Queued: meshtastic --ch-set psk default --ch-index 3
[18:04:31] Queued: meshtastic --ch-set uplink_enabled true --ch-index 3
[18:04:31] Queued: meshtastic --ch-set downlink_enabled false --ch-index 3
[18:04:31] Queued: meshtastic --ch-set channel_num 0 --ch-index 3
[18:04:31] Queued: meshtastic --ch-set id 0 --ch-index 3
[18:04:31] Queued: meshtastic --ch-set module_settings.position_precision 15 --ch-index 3
[18:04:31] Queued: meshtastic --ch-set module_settings.is_client_muted false --ch-index 3
[18:04:31] Queued: meshtastic --set mqtt.address mqtt.meshtastic.org
[18:04:31] Queued: meshtastic --set mqtt.username meshdev
[18:04:31] Queued: meshtastic --set mqtt.password large4cats
[18:04:31] Queued: meshtastic --set mqtt.encryptionEnabled true
[18:04:31] Queued: meshtastic --set mqtt.root msh/TW
[18:04:31] Queued: meshtastic --set mqtt.enabled false
[18:04:31] Queued: meshtastic --set mqtt.jsonEnabled false
[18:04:31] Queued: meshtastic --set mqtt.tlsEnabled false
[18:04:31] Queued: meshtastic --set mqtt.proxyToClientEnabled false
[18:04:31] Queued: meshtastic --set mqtt.mapReportingEnabled false
[18:04:31] Queued: meshtastic --set position.positionBroadcastSecs 60
[18:04:31] Queued: meshtastic --set position.positionBroadcastSmartEnabled true
[18:04:31] Queued: meshtastic --set position.gpsUpdateInterval 60
[18:04:31] Queued: meshtastic --set position.positionFlags 811
[18:04:31] Queued: meshtastic --set position.broadcastSmartMinimumDistance 100
[18:04:31] Queued: meshtastic --set position.broadcastSmartMinimumIntervalSecs 30
[18:04:31] Queued: meshtastic --set position.gpsMode ENABLED
[18:04:31] Queued: meshtastic --set position.fixedPosition false
[18:04:31] Queued: meshtastic --set position.gpsEnabled false
[18:04:31] Queued: meshtastic --set position.gpsAttemptTime 0
[18:04:31] Queued: meshtastic --set position.rxGpio 0
[18:04:31] Queued: meshtastic --set position.txGpio 0
[18:04:31] Queued: meshtastic --set position.gpsEnGpio 0
[18:04:31] Executing: meshtastic --port COM39 --set canned_message.inputbroker_pin_a 37 --set canned_message.inputbroker_pin_b 26 --set canned_message.inputbroker_pin_press 4 --set canned_message.inputbroker_event_cw UP --set canned_message.inputbroker_event_ccw DOWN --set canned_message.inputbroker_event_press SELECT --set canned_message.enabled true --set canned_message.rotary1_enabled true --set canned_message.allow_input_source rotEnc1 --set-canned-message 這是HermesXB0.2.8|你好|有人在嗎? --ch-set psk default --ch-set uplink_enabled true --ch-set downlink_enabled false --ch-set channel_num 0 --ch-set id 0 --ch-set module_settings.position_precision 15 --ch-set module_settings.is_client_muted false --set mqtt.address mqtt.meshtastic.org --set mqtt.username meshdev --set mqtt.password large4cats --set mqtt.encryptionEnabled true --set mqtt.root msh/TW --set mqtt.enabled false --set mqtt.jsonEnabled false --set mqtt.tlsEnabled false --set mqtt.proxyToClientEnabled false --set mqtt.mapReportingEnabled false --set position.positionBroadcastSecs 60 --set position.positionBroadcastSmartEnabled true --set position.gpsUpdateInterval 60 --set position.positionFlags 811 --set position.broadcastSmartMinimumDistance 100 --set position.broadcastSmartMinimumIntervalSecs 30 --set position.gpsMode ENABLED --set position.fixedPosition false --set position.gpsEnabled false --set position.gpsAttemptTime 0 --set position.rxGpio 0 --set position.txGpio 0 --set position.gpsEnGpio 0 --ch-index 3
[18:04:34] INFO file:node.py beginSettingsTransaction line:580 Telling open a transaction to edit settings
[18:04:34] INFO file:node.py commitSettingsTransaction line:594 Telling node to commit open transaction for editing settings
[18:04:34] Connected to radio
[18:04:34] Setting canned plugin message to 這是HermesXB0.2.8|你好|有人在嗎?
[18:04:34] Set canned_message.inputbroker_pin_a to 37
[18:04:34] Set canned_message.inputbroker_pin_b to 26
[18:04:34] Set canned_message.inputbroker_pin_press to 4
[18:04:34] Set canned_message.inputbroker_event_cw to UP
[18:04:34] Set canned_message.inputbroker_event_ccw to DOWN
[18:04:34] Set canned_message.inputbroker_event_press to SELECT
[18:04:34] Set canned_message.enabled to true
[18:04:34] Set canned_message.rotary1_enabled to true
[18:04:34] Set canned_message.allow_input_source to rotEnc1
[18:04:34] Set mqtt.address to mqtt.meshtastic.org
[18:04:34] Set mqtt.username to meshdev
[18:04:34] Set mqtt.password to large4cats
[18:04:34] Set mqtt.encryption_enabled to true
[18:04:34] Set mqtt.root to msh/TW
[18:04:34] Set mqtt.enabled to false
[18:04:34] Set mqtt.json_enabled to false
[18:04:34] Set mqtt.tls_enabled to false
[18:04:34] Set mqtt.proxy_to_client_enabled to false
[18:04:34] Set mqtt.map_reporting_enabled to false
[18:04:34] Set position.position_broadcast_secs to 60
[18:04:34] Set position.position_broadcast_smart_enabled to true
[18:04:34] Set position.gps_update_interval to 60
[18:04:34] Set position.position_flags to 811
[18:04:34] Set position.broadcast_smart_minimum_distance to 100
[18:04:34] Set position.broadcast_smart_minimum_interval_secs to 30
[18:04:34] Set position.gps_mode to ENABLED
[18:04:34] Set position.fixed_position to false
[18:04:34] Set position.gps_enabled to false
[18:04:34] Set position.gps_attempt_time to 0
[18:04:34] Set position.rx_gpio to 0
[18:04:34] Set position.tx_gpio to 0
[18:04:34] Set position.gps_en_gpio to 0
[18:04:34] Writing modified preferences to device
[18:04:34] Using a configuration transaction
[18:04:34] Writing canned_message configuration to device
[18:04:34] Writing mqtt configuration to device
[18:04:34] Writing position configuration to device
[18:04:34] Set uplink_enabled to true
[18:04:34] Set downlink_enabled to false
[18:04:34] Set channel_num to 0
[18:04:34] Set id to 0
[18:04:34] Set module_settings.position_precision to 15
[18:04:34] Set module_settings.is_client_muted to false
[18:04:34] Writing modified channels to device
[18:04:34] Rebooting device to apply config...
[18:04:35] INFO file:node.py reboot line:566 Telling node to reboot in 10 seconds
[18:04:35] Connected to radio
[18:04:35] Waiting 10s for device to reboot...
[18:04:46] Port after config reboot: COM39
[18:04:46] Device not ready yet. Waiting 2s...
[18:04:52] Device ready.
[18:04:52] Verifying device settings (pass 1/2)...
[18:04:57] Connected to radio
[18:04:57] Owner: Meshtastic d030 (d030)
[18:04:57] My info: { "myNodeNum": 2666319920, "rebootCount": 20, "minAppVersion": 30200, "deviceId": "i8ze7XLDXEt3t3NTQZ152A==", "pioEnv": "heltec-wireless-tracker" }
[18:04:57] Metadata: { "firmwareVersion": "2.6.11.527d726", "deviceStateVersion": 24, "canShutdown": true, "hasWifi": true, "hasBluetooth": true, "positionFlags": 811, "hwModel": "HELTEC_WIRELESS_TRACKER", "hasPKC": true, "excludedModules": 1280, "hasEthernet": false, "role": "CLIENT", "hasRemoteHardware": false }
[18:04:57] Nodes in mesh: {
[18:04:57]   "!9eecd030": {
[18:04:57]     "num": 2666319920,
[18:04:57]     "user": {
[18:04:57]       "id": "!9eecd030",
[18:04:57]       "longName": "Meshtastic d030",
[18:04:57]       "shortName": "d030",
[18:04:57]       "macaddr": "9c:13:9e:ec:d0:30",
[18:04:57]       "hwModel": "HELTEC_WIRELESS_TRACKER",
[18:04:57]       "publicKey": "wh8ZEG1ln0QCSGaiqlHy8DJap8keWwmbcu3Fjer9P20="
[18:04:57]     },
[18:04:57]     "position": {
[18:04:57]       "time": 1760851683
[18:04:57]     },
[18:04:57]     "lastHeard": 1760851683,
[18:04:57]     "isFavorite": true
[18:04:57]   }
[18:04:57] }
[18:04:57] Preferences: {
[18:04:57]   "device": {
[18:04:57]     "nodeInfoBroadcastSecs": 10800,
[18:04:57]     "role": "CLIENT",
[18:04:57]     "serialEnabled": false,
[18:04:57]     "buttonGpio": 0,
[18:04:57]     "buzzerGpio": 0,
[18:04:57]     "rebroadcastMode": "ALL",
[18:04:57]     "doubleTapAsButtonPress": false,
[18:04:57]     "isManaged": false,
[18:04:57]     "disableTripleClick": false,
[18:04:57]     "tzdef": "",
[18:04:57]     "ledHeartbeatDisabled": false
[18:04:57]   },
[18:04:57]   "position": {
[18:04:57]     "positionBroadcastSecs": 900,
[18:04:57]     "positionBroadcastSmartEnabled": true,
[18:04:57]     "gpsUpdateInterval": 120,
[18:04:57]     "positionFlags": 811,
[18:04:57]     "broadcastSmartMinimumDistance": 100,
[18:04:57]     "broadcastSmartMinimumIntervalSecs": 30,
[18:04:57]     "gpsMode": "ENABLED",
[18:04:57]     "fixedPosition": false,
[18:04:57]     "gpsEnabled": false,
[18:04:57]     "gpsAttemptTime": 0,
[18:04:57]     "rxGpio": 0,
[18:04:57]     "txGpio": 0,
[18:04:57]     "gpsEnGpio": 0
[18:04:57]   },
[18:04:57]   "power": {
[18:04:57]     "waitBluetoothSecs": 60,
[18:04:57]     "sdsSecs": 4294967295,
[18:04:57]     "lsSecs": 300,
[18:04:57]     "minWakeSecs": 10,
[18:04:57]     "isPowerSaving": false,
[18:04:57]     "onBatteryShutdownAfterSecs": 0,
[18:04:57]     "adcMultiplierOverride": 0.0,
[18:04:57]     "deviceBatteryInaAddress": 0,
[18:04:57]     "powermonEnables": "0"
[18:04:57]   },
[18:04:57]   "network": {
[18:04:57]     "ntpServer": "meshtastic.pool.ntp.org",
[18:04:57]     "enabledProtocols": 1,
[18:04:57]     "wifiEnabled": false,
[18:04:57]     "wifiSsid": "",
[18:04:57]     "wifiPsk": "",
[18:04:57]     "ethEnabled": false,
[18:04:57]     "addressMode": "DHCP",
[18:04:57]     "rsyslogServer": ""
[18:04:57]   },
[18:04:57]   "display": {
[18:04:57]     "screenOnSecs": 600,
[18:04:57]     "gpsFormat": "DEC",
[18:04:57]     "autoScreenCarouselSecs": 0,
[18:04:57]     "compassNorthTop": false,
[18:04:57]     "flipScreen": false,
[18:04:57]     "units": "METRIC",
[18:04:57]     "oled": "OLED_AUTO",
[18:04:57]     "displaymode": "DEFAULT",
[18:04:57]     "headingBold": false,
[18:04:57]     "wakeOnTapOrMotion": false,
[18:04:57]     "compassOrientation": "DEGREES_0",
[18:04:57]     "use12hClock": false
[18:04:57]   },
[18:04:57]   "lora": {
[18:04:57]     "usePreset": true,
[18:04:57]     "modemPreset": "MEDIUM_FAST",
[18:04:57]     "bandwidth": 250,
[18:04:57]     "spreadFactor": 11,
[18:04:57]     "codingRate": 5,
[18:04:57]     "region": "TW",
[18:04:57]     "hopLimit": 3,
[18:04:57]     "txEnabled": true,
[18:04:57]     "txPower": 27,
[18:04:57]     "channelNum": 1,
[18:04:57]     "frequencyOffset": 0.0,
[18:04:57]     "overrideDutyCycle": false,
[18:04:57]     "sx126xRxBoostedGain": false,
[18:04:57]     "overrideFrequency": 0.0,
[18:04:57]     "paFanDisabled": false,
[18:04:57]     "ignoreIncoming": [],
[18:04:57]     "ignoreMqtt": false,
[18:04:57]     "configOkToMqtt": false
[18:04:57]   },
[18:04:57]   "bluetooth": {
[18:04:57]     "enabled": true,
[18:04:57]     "fixedPin": 123456,
[18:04:57]     "mode": "RANDOM_PIN"
[18:04:57]   },
[18:04:57]   "security": {
[18:04:57]     "publicKey": "wh8ZEG1ln0QCSGaiqlHy8DJap8keWwmbcu3Fjer9P20=",
[18:04:57]     "privateKey": "cIwittJb7mB/Im23dxWCfiln36b1PLphV3I1K+ZlBlk=",
[18:04:57]     "serialEnabled": true,
[18:04:57]     "adminKey": [],
[18:04:57]     "isManaged": false,
[18:04:57]     "debugLogApiEnabled": false,
[18:04:57]     "adminChannelEnabled": false
[18:04:57]   },
[18:04:57]   "version": 0
[18:04:57] }
[18:04:57] Module preferences: {
[18:04:57]   "mqtt": {
[18:04:57]     "address": "mqtt.meshtastic.org",
[18:04:57]     "username": "meshdev",
[18:04:57]     "password": "large4cats",
[18:04:57]     "encryptionEnabled": true,
[18:04:57]     "root": "msh/TW",
[18:04:57]     "enabled": false,
[18:04:57]     "jsonEnabled": false,
[18:04:57]     "tlsEnabled": false,
[18:04:57]     "proxyToClientEnabled": false,
[18:04:57]     "mapReportingEnabled": false
[18:04:58]   },
[18:04:58]   "serial": {
[18:04:58]     "enabled": false,
[18:04:58]     "echo": false,
[18:04:58]     "rxd": 0,
[18:04:58]     "txd": 0,
[18:04:58]     "baud": "BAUD_DEFAULT",
[18:04:58]     "timeout": 0,
[18:04:58]     "mode": "DEFAULT",
[18:04:58]     "overrideConsoleSerialPort": false
[18:04:58]   },
[18:04:58]   "externalNotification": {
[18:04:58]     "enabled": false,
[18:04:58]     "outputMs": 0,
[18:04:58]     "output": 0,
[18:04:58]     "outputVibra": 0,
[18:04:58]     "outputBuzzer": 0,
[18:04:58]     "active": false,
[18:04:58]     "alertMessage": false,
[18:04:58]     "alertMessageVibra": false,
[18:04:58]     "alertMessageBuzzer": false,
[18:04:58]     "alertBell": false,
[18:04:58]     "alertBellVibra": false,
[18:04:58]     "alertBellBuzzer": false,
[18:04:58]     "usePwm": false,
[18:04:58]     "nagTimeout": 0,
[18:04:58]     "useI2sAsBuzzer": false
[18:04:58]   },
[18:04:58]   "storeForward": {
[18:04:58]     "enabled": false,
[18:04:58]     "heartbeat": false,
[18:04:58]     "records": 0,
[18:04:58]     "historyReturnMax": 0,
[18:04:58]     "historyReturnWindow": 0,
[18:04:58]     "isServer": false
[18:04:58]   },
[18:04:58]   "rangeTest": {
[18:04:58]     "enabled": false,
[18:04:58]     "sender": 0,
[18:04:58]     "save": false
[18:04:58]   },
[18:04:58]   "telemetry": {
[18:04:58]     "deviceUpdateInterval": 0,
[18:04:58]     "environmentUpdateInterval": 0,
[18:04:58]     "environmentMeasurementEnabled": false,
[18:04:58]     "environmentScreenEnabled": false,
[18:04:58]     "environmentDisplayFahrenheit": false,
[18:04:58]     "airQualityEnabled": false,
[18:04:58]     "airQualityInterval": 0,
[18:04:58]     "powerMeasurementEnabled": false,
[18:04:58]     "powerUpdateInterval": 0,
[18:04:58]     "powerScreenEnabled": false,
[18:04:58]     "healthMeasurementEnabled": false,
[18:04:58]     "healthUpdateInterval": 0,
[18:04:58]     "healthScreenEnabled": false
[18:04:58]   },
[18:04:58]   "cannedMessage": {
[18:04:58]     "rotary1Enabled": true,
[18:04:58]     "inputbrokerPinA": 37,
[18:04:58]     "inputbrokerPinB": 26,
[18:04:58]     "inputbrokerPinPress": 0,
[18:04:58]     "inputbrokerEventCw": "NONE",
[18:04:58]     "inputbrokerEventCcw": "NONE",
[18:04:58]     "inputbrokerEventPress": "NONE",
[18:04:58]     "updown1Enabled": false,
[18:04:58]     "enabled": false,
[18:04:58]     "allowInputSource": "",
[18:04:58]     "sendBell": false
[18:04:58]   },
[18:04:58]   "audio": {
[18:04:58]     "codec2Enabled": false,
[18:04:58]     "pttPin": 0,
[18:04:58]     "bitrate": "CODEC2_DEFAULT",
[18:04:58]     "i2sWs": 0,
[18:04:58]     "i2sSd": 0,
[18:04:58]     "i2sDin": 0,
[18:04:58]     "i2sSck": 0
[18:04:58]   },
[18:04:58]   "remoteHardware": {
[18:04:58]     "enabled": false,
[18:04:58]     "allowUndefinedPinAccess": false,
[18:04:58]     "availablePins": []
[18:04:58]   },
[18:04:58]   "neighborInfo": {
[18:04:58]     "enabled": false,
[18:04:58]     "updateInterval": 0,
[18:04:58]     "transmitOverLora": false
[18:04:58]   },
[18:04:58]   "ambientLighting": {
[18:04:58]     "current": 10,
[18:04:58]     "red": 236,
[18:04:58]     "green": 208,
[18:04:58]     "blue": 48,
[18:04:58]     "ledState": false
[18:04:58]   },
[18:04:58]   "detectionSensor": {
[18:04:58]     "minimumBroadcastSecs": 45,
[18:04:58]     "detectionTriggerType": "LOGIC_HIGH",
[18:04:58]     "enabled": false,
[18:04:58]     "stateBroadcastSecs": 0,
[18:04:58]     "sendBell": false,
[18:04:58]     "name": "",
[18:04:58]     "monitorPin": 0,
[18:04:58]     "usePullup": false
[18:04:58]   },
[18:04:58]   "paxcounter": {
[18:04:58]     "enabled": false,
[18:04:58]     "paxcounterUpdateInterval": 0,
[18:04:58]     "wifiThreshold": 0,
[18:04:58]     "bleThreshold": 0
[18:04:58]   },
[18:04:58]   "version": 0
[18:04:58] }
[18:04:58] Channels:
[18:04:58]   Index 0: PRIMARY psk=secret { "psk": "isDhHrNpJPlGX3GBJBX6kjuK7KQNp4Z0M7OTDpnX5N4=", "name": "MeshTW", "id": 1, "uplinkEnabled": true, "downlinkEnabled": true, "moduleSettings": { "positionPrecision": 15, "isClientMuted": false }, "channelNum": 0 }
[18:04:58]   Index 1: SECONDARY psk=secret { "psk": "y1HciVgpl5Hzh05KJUe/umWUH8XhG3UjR1rvZHfUHFU=", "name": "SignalTest", "uplinkEnabled": true, "downlinkEnabled": true, "moduleSettings": { "positionPrecision": 15, "isClientMuted": false }, "channelNum": 0, "id": 0 }
[18:04:58]   Index 2: SECONDARY psk=secret { "psk": "y2jnf86fTpf/4AFAf+mCwbzRoxpCV0P90dqJo0+w/SY=", "name": "Emergency!", "uplinkEnabled": true, "moduleSettings": { "positionPrecision": 32, "isClientMuted": false }, "channelNum": 0, "id": 0, "downlinkEnabled": false }
[18:04:58] Primary channel URL: https://meshtastic.org/e/#CjcSIIrA4R6zaST5Rl9xgSQV-pI7iuykDaeGdDOzkw6Z1-TeGgZNZXNoVFclAQAAACgBMAE6AggPEhUIARAEGPoBIAsoBTgIQANIAVAbWAE
[18:04:58] Complete URL (includes all channels): https://meshtastic.org/e/#CjcSIIrA4R6zaST5Rl9xgSQV-pI7iuykDaeGdDOzkw6Z1-TeGgZNZXNoVFclAQAAACgBMAE6AggPCjYSIMtR3IlYKZeR84dOSiVHv7pllB_F4Rt1I0da72R31BxVGgpTaWduYWxUZXN0KAEwAToCCA8KNBIgy2jnf86fTpf_4AFAf-mCwbzRoxpCV0P90dqJo0-w_SYaCkVtZXJnZW5jeSEoAToCCCASFQgBEAQY-gEgCygFOAhAA0gBUBtYAQ
[18:04:58] *** A newer version v2.7.6 is available! Consider running "pip install --upgrade meshtastic" ***
[18:04:58] Channel URL mismatch detected; will reapply: meshtastic --ch-set-url https://meshtastic.org/e/#CjcSIIrA4R6zaST5Rl9xgSQV-pI7iuykDaeGdDOzkw6Z1-TeGgZNZXNoVFclAQAAACgBMAE6AggPCjYSIMtR3IlYKZeR84dOSiVHv7pllB_F4Rt1I0da72R31BxVGgpTaWduYWxUZXN0KAEwAToCCA8KNBIgy2jnf86fTpf_4AFAf-mCwbzRoxpCV0P90dqJo0-w_SYaCkVtZXJnZW5jeSEoAToCCCAKCRIBASgBOgIIDxIVCAEQBBj6ASALKAU4CEADSAFQG1gB
[18:04:58] Skipped verification for settings not present in --info: 22
[18:04:58] Reapplying 8 mismatched settings...
[18:04:58] Executing reboot batch #1 (1 commands)...
[18:04:58] Queued: meshtastic --ch-set-url https://meshtastic.org/e/#CjcSIIrA4R6zaST5Rl9xgSQV-pI7iuykDaeGdDOzkw6Z1-TeGgZNZXNoVFclAQAAACgBMAE6AggPCjYSIMtR3IlYKZeR84dOSiVHv7pllB_F4Rt1I0da72R31BxVGgpTaWduYWxUZXN0KAEwAToCCA8KNBIgy2jnf86fTpf_4AFAf-mCwbzRoxpCV0P90dqJo0-w_SYaCkVtZXJnZW5jeSEoAToCCCAKCRIBASgBOgIIDxIVCAEQBBj6ASALKAU4CEADSAFQG1gB
[18:04:58] Executing: meshtastic --port COM39 --ch-set-url https://meshtastic.org/e/#CjcSIIrA4R6zaST5Rl9xgSQV-pI7iuykDaeGdDOzkw6Z1-TeGgZNZXNoVFclAQAAACgBMAE6AggPCjYSIMtR3IlYKZeR84dOSiVHv7pllB_F4Rt1I0da72R31BxVGgpTaWduYWxUZXN0KAEwAToCCA8KNBIgy2jnf86fTpf_4AFAf-mCwbzRoxpCV0P90dqJo0-w_SYaCkVtZXJnZW5jeSEoAToCCCAKCRIBASgBOgIIDxIVCAEQBBj6ASALKAU4CEADSAFQG1gB
[18:05:00] Connected to radio
[18:05:00] Waiting 10s for reboot...
[18:05:10] Port after reboot: COM39
[18:05:13] Device ready.
[18:05:13] Executing non-reboot batch (7 commands)...
[18:05:13] Queued: meshtastic --ch-set psk default --ch-index 3
[18:05:13] Queued: meshtastic --ch-set uplink_enabled true --ch-index 3
[18:05:13] Queued: meshtastic --ch-set downlink_enabled false --ch-index 3
[18:05:13] Queued: meshtastic --ch-set channel_num 0 --ch-index 3
[18:05:13] Queued: meshtastic --ch-set id 0 --ch-index 3
[18:05:13] Queued: meshtastic --ch-set module_settings.position_precision 15 --ch-index 3
[18:05:13] Queued: meshtastic --ch-set module_settings.is_client_muted false --ch-index 3
[18:05:13] Executing: meshtastic --port COM39 --ch-set psk default --ch-set uplink_enabled true --ch-set downlink_enabled false --ch-set channel_num 0 --ch-set id 0 --ch-set module_settings.position_precision 15 --ch-set module_settings.is_client_muted false --ch-index 3
[18:05:14] Connected to radio
[18:05:14] Set uplink_enabled to true
[18:05:14] Set downlink_enabled to false
[18:05:14] Set channel_num to 0
[18:05:14] Set id to 0
[18:05:14] Set module_settings.position_precision to 15
[18:05:14] Set module_settings.is_client_muted to false
[18:05:14] Writing modified channels to device
[18:05:16] Verifying device settings (pass 2/2)...
[18:05:19] Connected to radio
[18:05:19] Owner: Meshtastic d030 (d030)
[18:05:19] My info: { "myNodeNum": 2666319920, "rebootCount": 20, "minAppVersion": 30200, "deviceId": "i8ze7XLDXEt3t3NTQZ152A==", "pioEnv": "heltec-wireless-tracker" }
[18:05:19] Metadata: { "firmwareVersion": "2.6.11.527d726", "deviceStateVersion": 24, "canShutdown": true, "hasWifi": true, "hasBluetooth": true, "positionFlags": 811, "hwModel": "HELTEC_WIRELESS_TRACKER", "hasPKC": true, "excludedModules": 1280, "hasEthernet": false, "role": "CLIENT", "hasRemoteHardware": false }
[18:05:19] Nodes in mesh: {
[18:05:19]   "!9eecd030": {
[18:05:19]     "num": 2666319920,
[18:05:19]     "user": {
[18:05:19]       "id": "!9eecd030",
[18:05:19]       "longName": "Meshtastic d030",
[18:05:19]       "shortName": "d030",
[18:05:19]       "macaddr": "9c:13:9e:ec:d0:30",
[18:05:19]       "hwModel": "HELTEC_WIRELESS_TRACKER",
[18:05:19]       "publicKey": "wh8ZEG1ln0QCSGaiqlHy8DJap8keWwmbcu3Fjer9P20="
[18:05:19]     },
[18:05:19]     "position": {
[18:05:19]       "time": 1760851704
[18:05:19]     },
[18:05:19]     "lastHeard": 1760851704,
[18:05:19]     "isFavorite": true
[18:05:19]   }
[18:05:19] }
[18:05:19] Preferences: {
[18:05:19]   "device": {
[18:05:19]     "nodeInfoBroadcastSecs": 10800,
[18:05:19]     "role": "CLIENT",
[18:05:19]     "serialEnabled": false,
[18:05:19]     "buttonGpio": 0,
[18:05:19]     "buzzerGpio": 0,
[18:05:19]     "rebroadcastMode": "ALL",
[18:05:19]     "doubleTapAsButtonPress": false,
[18:05:19]     "isManaged": false,
[18:05:19]     "disableTripleClick": false,
[18:05:19]     "tzdef": "",
[18:05:19]     "ledHeartbeatDisabled": false
[18:05:19]   },
[18:05:19]   "position": {
[18:05:19]     "positionBroadcastSecs": 900,
[18:05:19]     "positionBroadcastSmartEnabled": true,
[18:05:19]     "gpsUpdateInterval": 120,
[18:05:19]     "positionFlags": 811,
[18:05:19]     "broadcastSmartMinimumDistance": 100,
[18:05:19]     "broadcastSmartMinimumIntervalSecs": 30,
[18:05:19]     "gpsMode": "ENABLED",
[18:05:19]     "fixedPosition": false,
[18:05:19]     "gpsEnabled": false,
[18:05:19]     "gpsAttemptTime": 0,
[18:05:19]     "rxGpio": 0,
[18:05:19]     "txGpio": 0,
[18:05:19]     "gpsEnGpio": 0
[18:05:19]   },
[18:05:19]   "power": {
[18:05:19]     "waitBluetoothSecs": 60,
[18:05:19]     "sdsSecs": 4294967295,
[18:05:19]     "lsSecs": 300,
[18:05:19]     "minWakeSecs": 10,
[18:05:19]     "isPowerSaving": false,
[18:05:19]     "onBatteryShutdownAfterSecs": 0,
[18:05:19]     "adcMultiplierOverride": 0.0,
[18:05:19]     "deviceBatteryInaAddress": 0,
[18:05:19]     "powermonEnables": "0"
[18:05:19]   },
[18:05:19]   "network": {
[18:05:19]     "ntpServer": "meshtastic.pool.ntp.org",
[18:05:19]     "enabledProtocols": 1,
[18:05:19]     "wifiEnabled": false,
[18:05:19]     "wifiSsid": "",
[18:05:19]     "wifiPsk": "",
[18:05:19]     "ethEnabled": false,
[18:05:19]     "addressMode": "DHCP",
[18:05:19]     "rsyslogServer": ""
[18:05:19]   },
[18:05:19]   "display": {
[18:05:19]     "screenOnSecs": 600,
[18:05:19]     "gpsFormat": "DEC",
[18:05:19]     "autoScreenCarouselSecs": 0,
[18:05:19]     "compassNorthTop": false,
[18:05:19]     "flipScreen": false,
[18:05:19]     "units": "METRIC",
[18:05:19]     "oled": "OLED_AUTO",
[18:05:19]     "displaymode": "DEFAULT",
[18:05:19]     "headingBold": false,
[18:05:19]     "wakeOnTapOrMotion": false,
[18:05:19]     "compassOrientation": "DEGREES_0",
[18:05:19]     "use12hClock": false
[18:05:19]   },
[18:05:19]   "lora": {
[18:05:19]     "usePreset": true,
[18:05:19]     "modemPreset": "MEDIUM_FAST",
[18:05:19]     "bandwidth": 250,
[18:05:19]     "spreadFactor": 11,
[18:05:19]     "codingRate": 5,
[18:05:19]     "region": "TW",
[18:05:19]     "hopLimit": 3,
[18:05:19]     "txEnabled": true,
[18:05:19]     "txPower": 27,
[18:05:19]     "channelNum": 1,
[18:05:19]     "frequencyOffset": 0.0,
[18:05:19]     "overrideDutyCycle": false,
[18:05:19]     "sx126xRxBoostedGain": false,
[18:05:19]     "overrideFrequency": 0.0,
[18:05:19]     "paFanDisabled": false,
[18:05:19]     "ignoreIncoming": [],
[18:05:19]     "ignoreMqtt": false,
[18:05:19]     "configOkToMqtt": false
[18:05:19]   },
[18:05:19]   "bluetooth": {
[18:05:19]     "enabled": true,
[18:05:19]     "fixedPin": 123456,
[18:05:19]     "mode": "RANDOM_PIN"
[18:05:19]   },
[18:05:19]   "security": {
[18:05:19]     "publicKey": "wh8ZEG1ln0QCSGaiqlHy8DJap8keWwmbcu3Fjer9P20=",
[18:05:19]     "privateKey": "cIwittJb7mB/Im23dxWCfiln36b1PLphV3I1K+ZlBlk=",
[18:05:19]     "serialEnabled": true,
[18:05:19]     "adminKey": [],
[18:05:19]     "isManaged": false,
[18:05:19]     "debugLogApiEnabled": false,
[18:05:19]     "adminChannelEnabled": false
[18:05:19]   },
[18:05:19]   "version": 0
[18:05:19] }
[18:05:19] Module preferences: {
[18:05:19]   "mqtt": {
[18:05:19]     "address": "mqtt.meshtastic.org",
[18:05:19]     "username": "meshdev",
[18:05:19]     "password": "large4cats",
[18:05:19]     "encryptionEnabled": true,
[18:05:19]     "root": "msh/TW",
[18:05:19]     "enabled": false,
[18:05:19]     "jsonEnabled": false,
[18:05:19]     "tlsEnabled": false,
[18:05:19]     "proxyToClientEnabled": false,
[18:05:19]     "mapReportingEnabled": false
[18:05:19]   },
[18:05:19]   "serial": {
[18:05:19]     "enabled": false,
[18:05:19]     "echo": false,
[18:05:19]     "rxd": 0,
[18:05:19]     "txd": 0,
[18:05:19]     "baud": "BAUD_DEFAULT",
[18:05:19]     "timeout": 0,
[18:05:19]     "mode": "DEFAULT",
[18:05:19]     "overrideConsoleSerialPort": false
[18:05:19]   },
[18:05:19]   "externalNotification": {
[18:05:19]     "enabled": false,
[18:05:19]     "outputMs": 0,
[18:05:19]     "output": 0,
[18:05:19]     "outputVibra": 0,
[18:05:19]     "outputBuzzer": 0,
[18:05:19]     "active": false,
[18:05:19]     "alertMessage": false,
[18:05:19]     "alertMessageVibra": false,
[18:05:19]     "alertMessageBuzzer": false,
[18:05:19]     "alertBell": false,
[18:05:19]     "alertBellVibra": false,
[18:05:19]     "alertBellBuzzer": false,
[18:05:19]     "usePwm": false,
[18:05:19]     "nagTimeout": 0,
[18:05:19]     "useI2sAsBuzzer": false
[18:05:19]   },
[18:05:19]   "storeForward": {
[18:05:19]     "enabled": false,
[18:05:19]     "heartbeat": false,
[18:05:19]     "records": 0,
[18:05:19]     "historyReturnMax": 0,
[18:05:19]     "historyReturnWindow": 0,
[18:05:19]     "isServer": false
[18:05:19]   },
[18:05:19]   "rangeTest": {
[18:05:19]     "enabled": false,
[18:05:19]     "sender": 0,
[18:05:19]     "save": false
[18:05:19]   },
[18:05:19]   "telemetry": {
[18:05:19]     "deviceUpdateInterval": 0,
[18:05:19]     "environmentUpdateInterval": 0,
[18:05:19]     "environmentMeasurementEnabled": false,
[18:05:19]     "environmentScreenEnabled": false,
[18:05:19]     "environmentDisplayFahrenheit": false,
[18:05:19]     "airQualityEnabled": false,
[18:05:19]     "airQualityInterval": 0,
[18:05:19]     "powerMeasurementEnabled": false,
[18:05:19]     "powerUpdateInterval": 0,
[18:05:19]     "powerScreenEnabled": false,
[18:05:19]     "healthMeasurementEnabled": false,
[18:05:19]     "healthUpdateInterval": 0,
[18:05:19]     "healthScreenEnabled": false
[18:05:19]   },
[18:05:19]   "cannedMessage": {
[18:05:19]     "rotary1Enabled": true,
[18:05:19]     "inputbrokerPinA": 37,
[18:05:19]     "inputbrokerPinB": 26,
[18:05:19]     "inputbrokerPinPress": 0,
[18:05:19]     "inputbrokerEventCw": "NONE",
[18:05:19]     "inputbrokerEventCcw": "NONE",
[18:05:19]     "inputbrokerEventPress": "NONE",
[18:05:19]     "updown1Enabled": false,
[18:05:19]     "enabled": false,
[18:05:19]     "allowInputSource": "",
[18:05:19]     "sendBell": false
[18:05:19]   },
[18:05:19]   "audio": {
[18:05:19]     "codec2Enabled": false,
[18:05:19]     "pttPin": 0,
[18:05:19]     "bitrate": "CODEC2_DEFAULT",
[18:05:19]     "i2sWs": 0,
[18:05:19]     "i2sSd": 0,
[18:05:19]     "i2sDin": 0,
[18:05:19]     "i2sSck": 0
[18:05:19]   },
[18:05:19]   "remoteHardware": {
[18:05:19]     "enabled": false,
[18:05:19]     "allowUndefinedPinAccess": false,
[18:05:19]     "availablePins": []
[18:05:19]   },
[18:05:19]   "neighborInfo": {
[18:05:19]     "enabled": false,
[18:05:19]     "updateInterval": 0,
[18:05:19]     "transmitOverLora": false
[18:05:19]   },
[18:05:19]   "ambientLighting": {
[18:05:19]     "current": 10,
[18:05:19]     "red": 236,
[18:05:19]     "green": 208,
[18:05:19]     "blue": 48,
[18:05:19]     "ledState": false
[18:05:19]   },
[18:05:19]   "detectionSensor": {
[18:05:19]     "minimumBroadcastSecs": 45,
[18:05:19]     "detectionTriggerType": "LOGIC_HIGH",
[18:05:19]     "enabled": false,
[18:05:19]     "stateBroadcastSecs": 0,
[18:05:19]     "sendBell": false,
[18:05:19]     "name": "",
[18:05:19]     "monitorPin": 0,
[18:05:19]     "usePullup": false
[18:05:19]   },
[18:05:19]   "paxcounter": {
[18:05:19]     "enabled": false,
[18:05:19]     "paxcounterUpdateInterval": 0,
[18:05:19]     "wifiThreshold": 0,
[18:05:19]     "bleThreshold": 0
[18:05:19]   },
[18:05:19]   "version": 0
[18:05:19] }
[18:05:19] Channels:
[18:05:19]   Index 0: PRIMARY psk=secret { "psk": "isDhHrNpJPlGX3GBJBX6kjuK7KQNp4Z0M7OTDpnX5N4=", "name": "MeshTW", "id": 1, "uplinkEnabled": true, "downlinkEnabled": true, "moduleSettings": { "positionPrecision": 15, "isClientMuted": false }, "channelNum": 0 }
[18:05:19]   Index 1: SECONDARY psk=secret { "psk": "y1HciVgpl5Hzh05KJUe/umWUH8XhG3UjR1rvZHfUHFU=", "name": "SignalTest", "uplinkEnabled": true, "downlinkEnabled": true, "moduleSettings": { "positionPrecision": 15, "isClientMuted": false }, "channelNum": 0, "id": 0 }
[18:05:19]   Index 2: SECONDARY psk=secret { "psk": "y2jnf86fTpf/4AFAf+mCwbzRoxpCV0P90dqJo0+w/SY=", "name": "Emergency!", "uplinkEnabled": true, "moduleSettings": { "positionPrecision": 32, "isClientMuted": false }, "channelNum": 0, "id": 0, "downlinkEnabled": false }
[18:05:19]   Index 3: SECONDARY psk=default { "psk": "AQ==", "uplinkEnabled": true, "moduleSettings": { "positionPrecision": 15, "isClientMuted": false }, "channelNum": 0, "name": "", "id": 0, "downlinkEnabled": false }
[18:05:19] Primary channel URL: https://meshtastic.org/e/#CjcSIIrA4R6zaST5Rl9xgSQV-pI7iuykDaeGdDOzkw6Z1-TeGgZNZXNoVFclAQAAACgBMAE6AggPEhUIARAEGPoBIAsoBTgIQANIAVAbWAE
[18:05:19] Complete URL (includes all channels): https://meshtastic.org/e/#CjcSIIrA4R6zaST5Rl9xgSQV-pI7iuykDaeGdDOzkw6Z1-TeGgZNZXNoVFclAQAAACgBMAE6AggPCjYSIMtR3IlYKZeR84dOSiVHv7pllB_F4Rt1I0da72R31BxVGgpTaWduYWxUZXN0KAEwAToCCA8KNBIgy2jnf86fTpf_4AFAf-mCwbzRoxpCV0P90dqJo0-w_SYaCkVtZXJnZW5jeSEoAToCCCAKCRIBASgBOgIIDxIVCAEQBBj6ASALKAU4CEADSAFQG1gB
[18:05:19] *** A newer version v2.7.6 is available! Consider running "pip install --upgrade meshtastic" ***
[18:05:19] Device settings verified.
[18:05:19] Skipped verification for settings not present in --info: 22
[18:05:19] Verifying canned message (pass 1/2)...
[18:05:21] Connected to radio
[18:05:21] canned_plugin_message:
[18:05:21] Canned message mismatch: expected="這是HermesXB0.2.8|你好|有人在嗎?" actual="canned_plugin_message:"
[18:05:21] Reapplying canned message...
[18:05:23] Connected to radio
[18:05:23] Setting canned plugin message to 這是HermesXB0.2.8|你好|有人在嗎?
[18:05:25] Verifying canned message (pass 2/2)...
[18:05:28] Connected to radio
[18:05:28] canned_plugin_message:這是HermesXB0.2.8|你好|有人在嗎?
[18:05:28] Canned message verified.
[18:05:28] Forcing canned_message input broker settings...
[18:05:29] Connected to radio
[18:05:29] Set canned_message.inputbroker_pin_a to 37
[18:05:29] Set canned_message.inputbroker_pin_b to 26
[18:05:29] Set canned_message.inputbroker_pin_press to 4
[18:05:29] Set canned_message.inputbroker_event_cw to UP
[18:05:29] Set canned_message.inputbroker_event_ccw to DOWN
[18:05:29] Set canned_message.inputbroker_event_press to SELECT
[18:05:29] Set canned_message.enabled to true
[18:05:29] Set canned_message.rotary1_enabled to true
[18:05:29] Set canned_message.allow_input_source to rotEnc1
[18:05:29] Writing modified preferences to device
[18:05:29] Writing canned_message configuration to device
[18:05:29] Command execution complete.
